<?xml version="1.0" encoding="UTF-8"?>
<!-- Generated by org.testng.reporters.JUnitReportReporter -->
<testsuite skipped="0" hostname="b019daa2a4bb" name="com.nit.testproj.tests.PaymentScreenTest" tests="4" failures="0" timestamp="23 Oct 2020 06:23:31 GMT" time="198.792" errors="0">
  <testcase name="paymentTest" time="58.797" classname="com.nit.testproj.tests.PaymentScreenTest"/>
  <testcase name="paymentTest" time="73.726" classname="com.nit.testproj.tests.PaymentScreenTest"/>
  <testcase name="paymentTest" time="41.631" classname="com.nit.testproj.tests.PaymentScreenTest"/>
  <testcase name="paymentTest" time="24.638" classname="com.nit.testproj.tests.PaymentScreenTest"/>
</testsuite> <!-- com.nit.testproj.tests.PaymentScreenTest -->
