<?xml version="1.0" encoding="UTF-8"?>
<!-- Generated by org.testng.reporters.JUnitReportReporter -->
<testsuite skipped="0" hostname="c95eefbd8724" name="com.nit.testproj.tests.PaymentScreenTest" tests="4" failures="0" timestamp="23 Oct 2020 06:23:21 GMT" time="177.720" errors="0">
  <testcase name="paymentTest" time="24.667" classname="com.nit.testproj.tests.PaymentScreenTest"/>
  <testcase name="paymentTest" time="50.651" classname="com.nit.testproj.tests.PaymentScreenTest"/>
  <testcase name="paymentTest" time="38.675" classname="com.nit.testproj.tests.PaymentScreenTest"/>
  <testcase name="paymentTest" time="63.727" classname="com.nit.testproj.tests.PaymentScreenTest"/>
</testsuite> <!-- com.nit.testproj.tests.PaymentScreenTest -->
