<?xml version="1.0" encoding="UTF-8"?>
<!-- Generated by org.testng.reporters.JUnitReportReporter -->
<testsuite skipped="0" hostname="17c2d48fa107" name="com.nit.testproj.tests.PaymentScreenTest" tests="4" failures="0" timestamp="23 Oct 2020 06:11:14 GMT" time="157.585" errors="0">
  <testcase name="paymentTest" time="31.776" classname="com.nit.testproj.tests.PaymentScreenTest"/>
  <testcase name="paymentTest" time="61.786" classname="com.nit.testproj.tests.PaymentScreenTest"/>
  <testcase name="paymentTest" time="18.232" classname="com.nit.testproj.tests.PaymentScreenTest"/>
  <testcase name="paymentTest" time="45.791" classname="com.nit.testproj.tests.PaymentScreenTest"/>
</testsuite> <!-- com.nit.testproj.tests.PaymentScreenTest -->
