<?xml version="1.0" encoding="UTF-8"?>
<!-- Generated by org.testng.reporters.JUnitReportReporter -->
<testsuite skipped="0" hostname="LAPTOP-5UH6HAH1" name="com.nit.testproj.tests.GoogleTest" tests="1" failures="0" timestamp="01 Aug 2020 08:02:46 GMT" time="13.670" errors="0">
  <testcase name="googlepage" time="13.670" classname="com.nit.testproj.tests.GoogleTest"/>
</testsuite> <!-- com.nit.testproj.tests.GoogleTest -->
