<?xml version="1.0" encoding="UTF-8"?>
<!-- Generated by org.testng.reporters.JUnitReportReporter -->
<testsuite skipped="0" hostname="LAPTOP-5UH6HAH1" name="com.nit.testproj.tests.GoogleTest_ExtentReports" tests="1" failures="0" timestamp="01 Aug 2020 09:29:18 GMT" time="29.213" errors="0">
  <testcase name="googlepage" time="29.213" classname="com.nit.testproj.tests.GoogleTest_ExtentReports"/>
</testsuite> <!-- com.nit.testproj.tests.GoogleTest_ExtentReports -->
