<?xml version="1.0" encoding="UTF-8"?>
<!-- Generated by org.testng.reporters.JUnitReportReporter -->
<testsuite skipped="0" hostname="yedukondalu-VirtualBox" name="com.nit.testproj.tests.PaymentScreenTest" tests="4" failures="0" timestamp="23 Oct 2020 04:17:08 GMT" time="193.366" errors="0">
  <testcase name="paymentTest" time="63.922" classname="com.nit.testproj.tests.PaymentScreenTest"/>
  <testcase name="paymentTest" time="53.940" classname="com.nit.testproj.tests.PaymentScreenTest"/>
  <testcase name="paymentTest" time="43.417" classname="com.nit.testproj.tests.PaymentScreenTest"/>
  <testcase name="paymentTest" time="32.087" classname="com.nit.testproj.tests.PaymentScreenTest"/>
</testsuite> <!-- com.nit.testproj.tests.PaymentScreenTest -->
