<?xml version="1.0" encoding="UTF-8"?>
<!-- Generated by org.testng.reporters.JUnitReportReporter -->
<testsuite skipped="1" hostname="LAPTOP-5UH6HAH1" name="com.nit.testproj.tests.PaymentScreenTest" tests="2" failures="0" timestamp="01 Aug 2020 08:00:43 GMT" time="1.268" errors="1">
  <testcase name="paymentTest" time="0.000" classname="com.nit.testproj.tests.PaymentScreenTest">
    <skipped/>
  </testcase> <!-- paymentTest -->
  <testcase name="beforeMethod" time="1.268" classname="com.nit.testproj.tests.PaymentScreenTest">
    <error type="org.openqa.selenium.WebDriverException" message="Unable to parse remote response: &lt;html&gt;
&lt;head&gt;
&lt;meta http-equiv=&quot;Content-Type&quot; content=&quot;text/html;charset=utf-8&quot;/&gt;
&lt;title&gt;Error 500 Server Error&lt;/title&gt;
&lt;/head&gt;
&lt;body&gt;&lt;h2&gt;HTTP ERROR 500&lt;/h2&gt;
&lt;p&gt;Problem accessing /grid/register/wd/hub/session. Reason:
&lt;pre&gt;    Server Error&lt;/pre&gt;&lt;/p&gt;&lt;h3&gt;Caused by:&lt;/h3&gt;&lt;pre&gt;org.openqa.grid.common.exception.GridConfigurationException: No configuration received for proxy.
	at org.openqa.grid.web.servlet.RegistrationServlet.process(RegistrationServlet.java:87)
	at org.openqa.grid.web.servlet.RegistrationServlet.doPost(RegistrationServlet.java:70)
	at javax.servlet.http.HttpServlet.service(HttpServlet.java:707)
	at javax.servlet.http.HttpServlet.service(HttpServlet.java:790)
	at org.seleniumhq.jetty9.servlet.ServletHolder.handle(ServletHolder.java:865)
	at org.seleniumhq.jetty9.servlet.ServletHandler.doHandle(ServletHandler.java:535)
	at org.seleniumhq.jetty9.server.handler.ScopedHandler.handle(ScopedHandler.java:146)
	at org.seleniumhq.jetty9.security.SecurityHandler.handle(SecurityHandler.java:548)
	at org.seleniumhq.jetty9.server.handler.HandlerWrapper.handle(HandlerWrapper.java:132)
	at org.seleniumhq.jetty9.server.handler.ScopedHandler.nextHandle(ScopedHandler.java:257)
	at org.seleniumhq.jetty9.server.session.SessionHandler.doHandle(SessionHandler.java:1595)
	at org.seleniumhq.jetty9.server.handler.ScopedHandler.nextHandle(ScopedHandler.java:255)
	at org.seleniumhq.jetty9.server.handler.ContextHandler.doHandle(ContextHandler.java:1340)
	at org.seleniumhq.jetty9.server.handler.ScopedHandler.nextScope(ScopedHandler.java:203)
	at org.seleniumhq.jetty9.servlet.ServletHandler.doScope(ServletHandler.java:473)
	at org.seleniumhq.jetty9.server.session.SessionHandler.doScope(SessionHandler.java:1564)
	at org.seleniumhq.jetty9.server.handler.ScopedHandler.nextScope(ScopedHandler.java:201)
	at org.seleniumhq.jetty9.server.handler.ContextHandler.doScope(ContextHandler.java:1242)
	at org.seleniumhq.jetty9.server.handler.ScopedHandler.handle(ScopedHandler.java:144)
	at org.seleniumhq.jetty9.server.handler.HandlerWrapper.handle(HandlerWrapper.java:132)
	at org.seleniumhq.jetty9.server.Server.handle(Server.java:503)
	at org.seleniumhq.jetty9.server.HttpChannel.handle(HttpChannel.java:364)
	at org.seleniumhq.jetty9.server.HttpConnection.onFillable(HttpConnection.java:260)
	at org.seleniumhq.jetty9.io.AbstractConnection$ReadCallback.succeeded(AbstractConnection.java:305)
	at org.seleniumhq.jetty9.io.FillInterest.fillable(FillInterest.java:103)
	at org.seleniumhq.jetty9.io.ChannelEndPoint$2.run(ChannelEndPoint.java:118)
	at org.seleniumhq.jetty9.util.thread.strategy.EatWhatYouKill.runTask(EatWhatYouKill.java:333)
	at org.seleniumhq.jetty9.util.thread.strategy.EatWhatYouKill.doProduce(EatWhatYouKill.java:310)
	at org.seleniumhq.jetty9.util.thread.strategy.EatWhatYouKill.tryProduce(EatWhatYouKill.java:168)
	at org.seleniumhq.jetty9.util.thread.strategy.EatWhatYouKill.run(EatWhatYouKill.java:126)
	at org.seleniumhq.jetty9.util.thread.ReservedThreadExecutor$ReservedThread.run(ReservedThreadExecutor.java:366)
	at org.seleniumhq.jetty9.util.thread.QueuedThreadPool.runJob(QueuedThreadPool.java:765)
	at org.seleniumhq.jetty9.util.thread.QueuedThreadPool$2.run(QueuedThreadPool.java:683)
	at java.lang.Thread.run(Unknown Source)
&lt;/pre&gt;
&lt;hr&gt;&lt;a href=&quot;http://eclipse.org/jetty&quot;&gt;Powered by Jetty:// 9.4.z-SNAPSHOT&lt;/a&gt;&lt;hr/&gt;

&lt;/body&gt;
&lt;/html&gt;
">
      <![CDATA[org.openqa.selenium.WebDriverException: Unable to parse remote response: <html>
<head>
<meta http-equiv="Content-Type" content="text/html;charset=utf-8"/>
<title>Error 500 Server Error</title>
</head>
<body><h2>HTTP ERROR 500</h2>
<p>Problem accessing /grid/register/wd/hub/session. Reason:
<pre>    Server Error</pre></p><h3>Caused by:</h3><pre>org.openqa.grid.common.exception.GridConfigurationException: No configuration received for proxy.
at org.openqa.grid.web.servlet.RegistrationServlet.process(RegistrationServlet.java:87)
at org.openqa.grid.web.servlet.RegistrationServlet.doPost(RegistrationServlet.java:70)
at javax.servlet.http.HttpServlet.service(HttpServlet.java:707)
at javax.servlet.http.HttpServlet.service(HttpServlet.java:790)
at org.seleniumhq.jetty9.servlet.ServletHolder.handle(ServletHolder.java:865)
at org.seleniumhq.jetty9.servlet.ServletHandler.doHandle(ServletHandler.java:535)
at org.seleniumhq.jetty9.server.handler.ScopedHandler.handle(ScopedHandler.java:146)
at org.seleniumhq.jetty9.security.SecurityHandler.handle(SecurityHandler.java:548)
at org.seleniumhq.jetty9.server.handler.HandlerWrapper.handle(HandlerWrapper.java:132)
at org.seleniumhq.jetty9.server.handler.ScopedHandler.nextHandle(ScopedHandler.java:257)
at org.seleniumhq.jetty9.server.session.SessionHandler.doHandle(SessionHandler.java:1595)
at org.seleniumhq.jetty9.server.handler.ScopedHandler.nextHandle(ScopedHandler.java:255)
at org.seleniumhq.jetty9.server.handler.ContextHandler.doHandle(ContextHandler.java:1340)
at org.seleniumhq.jetty9.server.handler.ScopedHandler.nextScope(ScopedHandler.java:203)
at org.seleniumhq.jetty9.servlet.ServletHandler.doScope(ServletHandler.java:473)
at org.seleniumhq.jetty9.server.session.SessionHandler.doScope(SessionHandler.java:1564)
at org.seleniumhq.jetty9.server.handler.ScopedHandler.nextScope(ScopedHandler.java:201)
at org.seleniumhq.jetty9.server.handler.ContextHandler.doScope(ContextHandler.java:1242)
at org.seleniumhq.jetty9.server.handler.ScopedHandler.handle(ScopedHandler.java:144)
at org.seleniumhq.jetty9.server.handler.HandlerWrapper.handle(HandlerWrapper.java:132)
at org.seleniumhq.jetty9.server.Server.handle(Server.java:503)
at org.seleniumhq.jetty9.server.HttpChannel.handle(HttpChannel.java:364)
at org.seleniumhq.jetty9.server.HttpConnection.onFillable(HttpConnection.java:260)
at org.seleniumhq.jetty9.io.AbstractConnection$ReadCallback.succeeded(AbstractConnection.java:305)
at org.seleniumhq.jetty9.io.FillInterest.fillable(FillInterest.java:103)
at org.seleniumhq.jetty9.io.ChannelEndPoint$2.run(ChannelEndPoint.java:118)
at org.seleniumhq.jetty9.util.thread.strategy.EatWhatYouKill.runTask(EatWhatYouKill.java:333)
at org.seleniumhq.jetty9.util.thread.strategy.EatWhatYouKill.doProduce(EatWhatYouKill.java:310)
at org.seleniumhq.jetty9.util.thread.strategy.EatWhatYouKill.tryProduce(EatWhatYouKill.java:168)
at org.seleniumhq.jetty9.util.thread.strategy.EatWhatYouKill.run(EatWhatYouKill.java:126)
at org.seleniumhq.jetty9.util.thread.ReservedThreadExecutor$ReservedThread.run(ReservedThreadExecutor.java:366)
at org.seleniumhq.jetty9.util.thread.QueuedThreadPool.runJob(QueuedThreadPool.java:765)
at org.seleniumhq.jetty9.util.thread.QueuedThreadPool$2.run(QueuedThreadPool.java:683)
at java.lang.Thread.run(Unknown Source)
</pre>
<hr><a href="http://eclipse.org/jetty">Powered by Jetty:// 9.4.z-SNAPSHOT</a><hr/>

</body>
</html>

at org.openqa.selenium.remote.ProtocolHandshake.createSession(ProtocolHandshake.java:112)
at org.openqa.selenium.remote.ProtocolHandshake.createSession(ProtocolHandshake.java:74)
at org.openqa.selenium.remote.HttpCommandExecutor.execute(HttpCommandExecutor.java:136)
at org.openqa.selenium.remote.RemoteWebDriver.execute(RemoteWebDriver.java:552)
at org.openqa.selenium.remote.RemoteWebDriver.startSession(RemoteWebDriver.java:213)
at org.openqa.selenium.remote.RemoteWebDriver.<init>(RemoteWebDriver.java:131)
at org.openqa.selenium.remote.RemoteWebDriver.<init>(RemoteWebDriver.java:144)
at com.nit.testproj.common.BaseTest.beforeMethod(BaseTest.java:65)
at sun.reflect.NativeMethodAccessorImpl.invoke0(Native Method)
at sun.reflect.NativeMethodAccessorImpl.invoke(Unknown Source)
at sun.reflect.DelegatingMethodAccessorImpl.invoke(Unknown Source)
at java.lang.reflect.Method.invoke(Unknown Source)
at org.testng.internal.MethodInvocationHelper.invokeMethod(MethodInvocationHelper.java:124)
at org.testng.internal.MethodInvocationHelper.invokeMethodConsideringTimeout(MethodInvocationHelper.java:59)
at org.testng.internal.Invoker.invokeConfigurationMethod(Invoker.java:458)
at org.testng.internal.Invoker.invokeConfigurations(Invoker.java:222)
at org.testng.internal.Invoker.invokeMethod(Invoker.java:523)
at org.testng.internal.Invoker.invokeTestMethod(Invoker.java:719)
at org.testng.internal.Invoker.invokeTestMethods(Invoker.java:989)
at org.testng.internal.TestMethodWorker.invokeTestMethods(TestMethodWorker.java:125)
at org.testng.internal.TestMethodWorker.run(TestMethodWorker.java:109)
at org.testng.TestRunner.privateRun(TestRunner.java:648)
at org.testng.TestRunner.run(TestRunner.java:505)
at org.testng.SuiteRunner.runTest(SuiteRunner.java:455)
at org.testng.SuiteRunner.runSequentially(SuiteRunner.java:450)
at org.testng.SuiteRunner.privateRun(SuiteRunner.java:415)
at org.testng.SuiteRunner.run(SuiteRunner.java:364)
at org.testng.SuiteRunnerWorker.runSuite(SuiteRunnerWorker.java:52)
at org.testng.SuiteRunnerWorker.run(SuiteRunnerWorker.java:84)
at org.testng.TestNG.runSuitesSequentially(TestNG.java:1208)
at org.testng.TestNG.runSuitesLocally(TestNG.java:1137)
at org.testng.TestNG.runSuites(TestNG.java:1049)
at org.testng.TestNG.run(TestNG.java:1017)
at org.testng.remote.AbstractRemoteTestNG.run(AbstractRemoteTestNG.java:132)
at org.testng.remote.RemoteTestNG.initAndRun(RemoteTestNG.java:230)
at org.testng.remote.RemoteTestNG.main(RemoteTestNG.java:76)
Caused by: org.openqa.selenium.json.JsonException: Unable to determine type from: <. Last 1 characters read: <
Build info: version: '3.141.5', revision: 'd54ebd709a', time: '2018-11-06T11:42:16'
System info: host: 'LAPTOP-5UH6HAH1', ip: '192.168.1.102', os.name: 'Windows 10', os.arch: 'amd64', os.version: '10.0', java.version: '1.8.0_221'
Driver info: driver.version: RemoteWebDriver
at org.openqa.selenium.json.JsonInput.peek(JsonInput.java:122)
at org.openqa.selenium.json.JsonTypeCoercer.lambda$null$6(JsonTypeCoercer.java:140)
at org.openqa.selenium.json.JsonTypeCoercer.coerce(JsonTypeCoercer.java:126)
at org.openqa.selenium.json.Json.toType(Json.java:69)
at org.openqa.selenium.json.Json.toType(Json.java:55)
at org.openqa.selenium.json.Json.toType(Json.java:50)
at org.openqa.selenium.remote.ProtocolHandshake.createSession(ProtocolHandshake.java:109)
... 35 more
]]>
    </error>
  </testcase> <!-- beforeMethod -->
</testsuite> <!-- com.nit.testproj.tests.PaymentScreenTest -->
