<?xml version="1.0" encoding="UTF-8"?>
<!-- Generated by org.testng.reporters.JUnitReportReporter -->
<testsuite skipped="0" hostname="LAPTOP-5UH6HAH1" name="com.nit.testproj.GoogleTest" tests="1" failures="0" timestamp="20 Apr 2020 17:24:34 GMT" time="31.868" errors="0">
  <testcase name="googlepage" time="31.868" classname="com.nit.testproj.GoogleTest"/>
</testsuite> <!-- com.nit.testproj.GoogleTest -->
