<?xml version="1.0" encoding="UTF-8"?>
<!-- Generated by org.testng.reporters.JUnitReportReporter -->
<testsuite skipped="0" hostname="LAPTOP-5UH6HAH1" name="com.nit.testproj.tests.HandlingXML" tests="1" failures="0" timestamp="05 Oct 2020 09:45:40 GMT" time="0.041" errors="0">
  <testcase name="googlepage" time="0.041" classname="com.nit.testproj.tests.HandlingXML"/>
</testsuite> <!-- com.nit.testproj.tests.HandlingXML -->
