<?xml version="1.0" encoding="UTF-8"?>
<!-- Generated by org.testng.reporters.JUnitReportReporter -->
<testsuite skipped="1" hostname="LAPTOP-5UH6HAH1" name="com.nit.testproj.tests.Google_DataProvider" tests="1" failures="0" timestamp="01 Aug 2020 08:03:53 GMT" time="0.000" errors="0">
  <testcase name="googlepage" time="0.000" classname="com.nit.testproj.tests.Google_DataProvider">
    <skipped/>
  </testcase> <!-- googlepage -->
</testsuite> <!-- com.nit.testproj.tests.Google_DataProvider -->
