<?xml version="1.0" encoding="UTF-8"?>
<!-- Generated by org.testng.reporters.JUnitReportReporter -->
<testsuite skipped="0" hostname="LAPTOP-5UH6HAH1" name="com.nit.testproj.tests.InvocationTest" tests="3" failures="0" timestamp="08 Oct 2020 03:14:41 GMT" time="0.028" errors="0">
  <testcase name="f" time="0.000" classname="com.nit.testproj.tests.InvocationTest"/>
  <testcase name="f" time="0.016" classname="com.nit.testproj.tests.InvocationTest"/>
  <testcase name="f" time="0.012" classname="com.nit.testproj.tests.InvocationTest"/>
</testsuite> <!-- com.nit.testproj.tests.InvocationTest -->
