<?xml version="1.0" encoding="UTF-8"?>
<!-- Generated by org.testng.reporters.JUnitReportReporter -->
<testsuite skipped="0" hostname="LAPTOP-5UH6HAH1" name="com.nit.testproj.tests.ShoppingTemplateTest" tests="1" failures="0" timestamp="05 Jun 2020 17:41:16 GMT" time="22.008" errors="0">
  <testcase name="shoppingTest" time="22.008" classname="com.nit.testproj.tests.ShoppingTemplateTest"/>
</testsuite> <!-- com.nit.testproj.tests.ShoppingTemplateTest -->
