<?xml version="1.0" encoding="UTF-8"?>
<!-- Generated by org.testng.reporters.JUnitReportReporter -->
<testsuite skipped="0" hostname="LAPTOP-5UH6HAH1" name="com.nit.testproj.tests.GoogleTest_ExtentReports" tests="1" failures="0" timestamp="12 Jul 2020 07:07:48 GMT" time="26.010" errors="0">
  <testcase name="googlepage" time="26.010" classname="com.nit.testproj.tests.GoogleTest_ExtentReports"/>
</testsuite> <!-- com.nit.testproj.tests.GoogleTest_ExtentReports -->
